\BOOKMARK [0][-]{chapter.1}{\376\377\000P\000r\000\351\000s\000e\000n\000t\000a\000t\000i\000o\000n\000\040\000d\000u\000\040\000p\000r\000o\000j\000e\000t}{}% 1
\BOOKMARK [1][-]{section.1.1}{\376\377\000S\000u\000j\000e\000t}{chapter.1}% 2
\BOOKMARK [1][-]{section.1.2}{\376\377\000O\000b\000j\000e\000c\000t\000i\000f\000\040\000:\000\040\000r\000\351\000s\000o\000l\000u\000t\000i\000o\000n\000\040\000l\000a\000\040\000p\000l\000u\000s\000\040\000e\000f\000f\000i\000c\000a\000c\000e\000\040\000p\000o\000s\000s\000i\000b\000l\000e\000\040\000d\000u\000\040\000p\000r\000o\000b\000l\000\350\000m\000e\000\040\000\340\000\040\000N\000-\000c\000o\000r\000p\000s}{chapter.1}% 3
\BOOKMARK [1][-]{section.1.3}{\376\377\000D\000\351\000m\000a\000r\000c\000h\000e}{chapter.1}% 4
\BOOKMARK [0][-]{chapter.2}{\376\377\000A\000s\000p\000e\000c\000t\000\040\000p\000h\000y\000s\000i\000q\000u\000e\000\040\000e\000t\000\040\000m\000a\000t\000h\000\351\000m\000a\000t\000i\000q\000u\000e\000\040\000d\000u\000\040\000p\000r\000o\000b\000l\000\350\000m\000e}{}% 5
\BOOKMARK [1][-]{section.2.1}{\376\377\000U\000n\000\040\000p\000r\000o\000b\000l\000\350\000m\000e\000\040\000m\000\351\000c\000a\000n\000i\000q\000u\000e}{chapter.2}% 6
\BOOKMARK [2][-]{subsection.2.1.1}{\376\377\000F\000o\000r\000c\000e\000\040\000g\000r\000a\000v\000i\000t\000a\000t\000i\000o\000n\000n\000e\000l\000l\000e}{section.2.1}% 7
\BOOKMARK [2][-]{subsection.2.1.2}{\376\377\000E\000x\000p\000r\000e\000s\000s\000i\000o\000n\000\040\000d\000e\000\040\000l\000'\000a\000c\000c\000\351\000l\000\351\000r\000a\000t\000i\000o\000n}{section.2.1}% 8
\BOOKMARK [2][-]{subsection.2.1.3}{\376\377\000C\000a\000l\000c\000u\000l\000\040\000d\000e\000\040\000l\000a\000\040\000p\000o\000s\000i\000t\000i\000o\000n}{section.2.1}% 9
\BOOKMARK [2][-]{subsection.2.1.4}{\376\377\000C\000o\000n\000s\000e\000r\000v\000a\000t\000i\000o\000n\000\040\000d\000e\000\040\000l\000'\000\351\000n\000e\000r\000g\000i\000e}{section.2.1}% 10
\BOOKMARK [2][-]{subsection.2.1.5}{\376\377\000P\000r\000i\000n\000c\000i\000p\000e\000\040\000d\000'\000a\000c\000t\000i\000o\000n\000-\000r\000\351\000a\000c\000t\000i\000o\000n}{section.2.1}% 11
\BOOKMARK [2][-]{subsection.2.1.6}{\376\377\000P\000a\000r\000a\000m\000\350\000t\000r\000e\000s\000\040\000p\000h\000y\000s\000i\000q\000u\000e\000s\000\040\000d\000e\000\040\000l\000a\000\040\000s\000i\000m\000u\000l\000a\000t\000i\000o\000n}{section.2.1}% 12
\BOOKMARK [2][-]{subsection.2.1.7}{\376\377\000P\000r\000o\000b\000l\000\350\000m\000e\000\040\000t\000h\000\351\000o\000r\000i\000q\000u\000e\000\040\000:\000\040\000N\000e\000w\000t\000o\000n\000\040\000o\000u\000\040\000E\000i\000n\000s\000t\000e\000i\000n\000\040\000?}{section.2.1}% 13
\BOOKMARK [2][-]{subsection.2.1.8}{\376\377\000Q\000u\000e\000s\000t\000i\000o\000n\000\040\000d\000e\000\040\000l\000'\000i\000n\000i\000t\000i\000a\000l\000i\000s\000a\000t\000i\000o\000n\000\040\000:\000\040\000a\000v\000e\000c\000\040\000o\000u\000\040\000s\000a\000n\000s\000\040\000t\000r\000o\000u\000\040\000n\000o\000i\000r\000\040\000?}{section.2.1}% 14
\BOOKMARK [1][-]{section.2.2}{\376\377\000L\000'\000a\000s\000p\000e\000c\000t\000\040\000m\000a\000t\000h\000\351\000m\000a\000t\000i\000q\000u\000e\000\040\000d\000u\000\040\000p\000r\000o\000b\000l\000\350\000m\000e\000\040\000:\000\040\000r\000\351\000s\000o\000l\000u\000t\000i\000o\000n\000\040\000n\000u\000m\000\351\000r\000i\000q\000u\000e}{chapter.2}% 15
\BOOKMARK [2][-]{subsection.2.2.1}{\376\377\000L\000a\000\040\000m\000\351\000t\000h\000o\000d\000e\000\040\000d\000'\000E\000u\000l\000e\000r\000\040\000e\000x\000p\000l\000i\000c\000i\000t\000e}{section.2.2}% 16
\BOOKMARK [2][-]{subsection.2.2.2}{\376\377\000L\000a\000\040\000m\000\351\000t\000h\000o\000d\000e\000\040\000s\000a\000u\000t\000e\000-\000m\000o\000u\000t\000o\000n\000\040\000\050\000L\000e\000a\000p\000\040\000f\000r\000o\000g\000\051}{section.2.2}% 17
\BOOKMARK [0][-]{chapter.3}{\376\377\000A\000n\000a\000l\000y\000s\000e\000\040\000d\000u\000\040\000c\000o\000d\000e}{}% 18
\BOOKMARK [1][-]{section.3.1}{\376\377\000V\000i\000s\000u\000a\000l\000i\000s\000a\000t\000i\000o\000n}{chapter.3}% 19
\BOOKMARK [1][-]{section.3.2}{\376\377\000M\000o\000d\000e\000l\000N\000B\000o\000d\000y\000.\000c\000p\000p\000\040\000/\000/\000\040\000M\000o\000d\000e\000l\000N\000B\000o\000d\000y\000.\000h}{chapter.3}% 20
\BOOKMARK [1][-]{section.3.3}{\376\377\000V\000e\000c\000t\000o\000r\000.\000c\000p\000p\000\040\000/\000/\000\040\000V\000e\000c\000t\000o\000r\000.\000h}{chapter.3}% 21
\BOOKMARK [1][-]{section.3.4}{\376\377\000T\000y\000p\000e\000s\000.\000c\000p\000p\000\040\000/\000/\000\040\000T\000y\000p\000e\000s\000.\000h}{chapter.3}% 22
\BOOKMARK [1][-]{section.3.5}{\376\377\000B\000H\000T\000r\000e\000e\000.\000c\000p\000p\000\040\000/\000/\000\040\000B\000H\000T\000r\000e\000e\000.\000h}{chapter.3}% 23
\BOOKMARK [1][-]{section.3.6}{\376\377\000I\000n\000t\000\351\000g\000r\000a\000t\000e\000u\000r\000s}{chapter.3}% 24
\BOOKMARK [0][-]{chapter.4}{\376\377\000I\000m\000p\000l\000\351\000m\000e\000n\000t\000a\000t\000i\000o\000n\000\040\000n\000a\000\357\000v\000e\000\040\000e\000t\000\040\000o\000p\000t\000i\000m\000i\000s\000a\000t\000i\000o\000n\000s}{}% 25
\BOOKMARK [1][-]{section.4.1}{\376\377\000M\000\351\000t\000h\000o\000d\000e\000\040\000d\000e\000\040\000c\000a\000l\000c\000u\000l\000\040\000n\000a\000\357\000v\000e}{chapter.4}% 26
\BOOKMARK [1][-]{section.4.2}{\376\377\000O\000p\000t\000i\000m\000i\000s\000a\000t\000i\000o\000n\000\040\000d\000e\000\040\000l\000a\000\040\000m\000\351\000t\000h\000o\000d\000e\000\040\000n\000a\000\357\000v\000e}{chapter.4}% 27
\BOOKMARK [1][-]{section.4.3}{\376\377\000V\000\351\000r\000i\000f\000i\000c\000a\000t\000i\000o\000n\000\040\000\351\000n\000e\000r\000g\000\351\000t\000i\000q\000u\000e\000\040\000d\000e\000s\000\040\000m\000o\000d\000\350\000l\000e\000s}{chapter.4}% 28
\BOOKMARK [0][-]{chapter.5}{\376\377\000A\000l\000g\000o\000r\000i\000t\000h\000m\000e\000\040\000d\000e\000\040\000B\000a\000r\000n\000e\000s\000-\000H\000u\000t}{}% 29
\BOOKMARK [1][-]{section.5.1}{\376\377\000P\000r\000\351\000s\000e\000n\000t\000a\000t\000i\000o\000n\000\040\000d\000e\000\040\000l\000'\000a\000l\000g\000o\000r\000i\000t\000h\000m\000e}{chapter.5}% 30
\BOOKMARK [1][-]{section.5.2}{\376\377\000P\000r\000i\000n\000c\000i\000p\000e\000\040\000g\000\351\000n\000\351\000r\000a\000l\000\040\000d\000e\000\040\000l\000'\000a\000l\000g\000o\000r\000i\000t\000h\000m\000e}{chapter.5}% 31
\BOOKMARK [1][-]{section.5.3}{\376\377\000L\000'\000a\000l\000g\000o\000r\000i\000t\000h\000m\000e\000\040\000d\000e\000\040\000B\000a\000r\000n\000e\000s\000-\000H\000u\000t}{chapter.5}% 32
\BOOKMARK [2][-]{subsection.5.3.1}{\376\377\000L\000a\000\040\000c\000o\000n\000s\000t\000r\000u\000c\000t\000i\000o\000n\000\040\000d\000e\000\040\000l\000'\000a\000r\000b\000r\000e}{section.5.3}% 33
\BOOKMARK [2][-]{subsection.5.3.2}{\376\377\000L\000e\000\040\000c\000a\000l\000c\000u\000l\000\040\000d\000e\000s\000\040\000m\000a\000s\000s\000e\000s\000\040\000e\000t\000\040\000c\000e\000n\000t\000r\000e\000s\000\040\000d\000e\000\040\000m\000a\000s\000s\000e}{section.5.3}% 34
\BOOKMARK [2][-]{subsection.5.3.3}{\376\377\000L\000e\000\040\000c\000a\000l\000c\000u\000l\000\040\000d\000e\000s\000\040\000f\000o\000r\000c\000e\000s}{section.5.3}% 35
\BOOKMARK [1][-]{section.5.4}{\376\377\000V\000\351\000r\000i\000f\000i\000c\000a\000t\000i\000o\000n\000\040\000d\000u\000\040\000m\000o\000d\000\350\000l\000e}{chapter.5}% 36
\BOOKMARK [0][-]{chapter.6}{\376\377\000P\000a\000r\000a\000l\000l\000\351\000l\000i\000s\000a\000t\000i\000o\000n\000\040}{}% 37
\BOOKMARK [1][-]{section.6.1}{\376\377\000F\000o\000n\000c\000t\000i\000o\000n\000n\000e\000m\000e\000n\000t\000\040\000d\000'\000O\000p\000e\000n\000M\000P}{chapter.6}% 38
\BOOKMARK [2][-]{subsection.6.1.1}{\376\377\000P\000r\000i\000n\000c\000i\000p\000e}{section.6.1}% 39
\BOOKMARK [2][-]{subsection.6.1.2}{\376\377\000D\000i\000r\000e\000c\000t\000i\000v\000e\000s\000\040\000e\000t\000\040\000f\000o\000n\000c\000t\000i\000o\000n\000s\000\040\000i\000m\000p\000o\000r\000t\000a\000n\000t\000e\000s}{section.6.1}% 40
\BOOKMARK [1][-]{section.6.2}{\376\377\000A\000p\000p\000l\000i\000c\000a\000t\000i\000o\000n\000\040\000\340\000\040\000n\000o\000t\000r\000e\000\040\000p\000r\000o\000g\000r\000a\000m\000m\000e\000\040\000d\000e\000\040\000r\000\351\000s\000o\000l\000u\000t\000i\000o\000n\000\040\000d\000u\000\040\000p\000r\000o\000b\000l\000\350\000m\000e\000\040\000\340\000\040\000N\000-\000c\000o\000r\000p\000s}{chapter.6}% 41
\BOOKMARK [0][-]{chapter.7}{\376\377\000A\000n\000a\000l\000y\000s\000e\000\040\000c\000o\000m\000p\000a\000r\000a\000t\000i\000v\000e\000\040\000d\000e\000s\000\040\000p\000e\000r\000f\000o\000r\000m\000a\000n\000c\000e\000s}{}% 42
\BOOKMARK [1][-]{section.7.1}{\376\377\000C\000o\000n\000s\000t\000r\000u\000c\000t\000i\000o\000n\000\040\000d\000e\000\040\000l\000'\000a\000r\000b\000r\000e}{chapter.7}% 43
\BOOKMARK [1][-]{section.7.2}{\376\377\000C\000o\000m\000p\000a\000r\000a\000i\000s\000o\000n\000s\000\040\000d\000e\000s\000\040\000m\000\351\000t\000h\000o\000d\000e\000s}{chapter.7}% 44
\BOOKMARK [1][-]{section.7.3}{\376\377\000S\000\351\000q\000u\000e\000n\000t\000i\000e\000l\000\040\000e\000t\000\040\000p\000a\000r\000a\000l\000l\000\350\000l\000e}{chapter.7}% 45
\BOOKMARK [2][-]{subsection.7.3.1}{\376\377\000N\000a\000\357\000v\000e}{section.7.3}% 46
\BOOKMARK [2][-]{subsection.7.3.2}{\376\377\000N\000a\000\357\000v\000e\000\040\000o\000p\000t\000i\000m\000i\000s\000\351\000e}{section.7.3}% 47
\BOOKMARK [2][-]{subsection.7.3.3}{\376\377\000A\000l\000g\000o\000r\000i\000t\000h\000m\000e\000\040\000d\000e\000\040\000B\000a\000r\000n\000e\000s\000-\000H\000u\000t}{section.7.3}% 48
\BOOKMARK [2][-]{subsection.7.3.4}{\376\377\000R\000\351\000s\000u\000l\000t\000a\000t\000s\000\040\000d\000e\000\040\000l\000a\000\040\000p\000a\000r\000a\000l\000l\000\351\000l\000i\000s\000a\000t\000i\000o\000n}{section.7.3}% 49
\BOOKMARK [0][-]{chapter.8}{\376\377\000C\000o\000n\000c\000l\000u\000s\000i\000o\000n\000\040\000d\000u\000\040\000p\000r\000o\000j\000e\000t}{}% 50
\BOOKMARK [1][-]{section.8.1}{\376\377\000C\000o\000n\000c\000l\000u\000s\000i\000o\000n}{chapter.8}% 51
\BOOKMARK [1][-]{section.8.2}{\376\377\000I\000m\000p\000a\000c\000t\000s\000\040\000d\000u\000\040\000p\000r\000o\000j\000e\000t}{chapter.8}% 52
\BOOKMARK [1][-]{section.8.3}{\376\377\000B\000i\000l\000a\000n\000s\000\040\000p\000e\000r\000s\000o\000n\000n\000e\000l\000s}{chapter.8}% 53
\BOOKMARK [2][-]{subsection.8.3.1}{\376\377\000C\000a\000m\000i\000l\000l\000e}{section.8.3}% 54
\BOOKMARK [2][-]{subsection.8.3.2}{\376\377\000N\000o\000a\000h}{section.8.3}% 55
\BOOKMARK [2][-]{subsection.8.3.3}{\376\377\000R\000u\000d\000i\000o}{section.8.3}% 56
\BOOKMARK [2][-]{subsection.8.3.4}{\376\377\000E\000l\000y\000a\000s}{section.8.3}% 57
\BOOKMARK [-1][-]{chapter*.3}{\376\377\000A\000n\000n\000e\000x\000e\000s}{}% 58
\BOOKMARK [0][-]{section.Alph0.1}{\376\377\000L\000i\000e\000n\000\040\000v\000e\000r\000s\000\040\000l\000e\000\040\000r\000e\000p\000o\000s\000i\000t\000o\000r\000y\000\040\000G\000i\000t\000h\000u\000b}{chapter*.3}% 59
\BOOKMARK [1][-]{section.Alph0.2}{\376\377\000D\000i\000f\000f\000\351\000r\000e\000n\000t\000e\000s\000\040\000s\000i\000m\000u\000l\000a\000t\000i\000o\000n\000s}{section.Alph0.1}% 60
